# JRE version: OpenJDK Runtime Environment (8.0_202-b03) (build 1.8.0_202-release-1483-b03)
# Java VM: OpenJDK 64-Bit Server VM (25.202-b03 mixed mode windows-amd64 compressed oops)
Heap:
 PSYoungGen      total 306688K, used 92053K [0x00000000e0000000, 0x00000000f8f00000, 0x0000000100000000)
  eden space 286208K, 32% used [0x00000000e0000000,0x00000000e59e5688,0x00000000f1780000)
  from space 20480K, 0% used [0x00000000f1780000,0x00000000f1780000,0x00000000f2b80000)
  to   space 23552K, 0% used [0x00000000f7800000,0x00000000f7800000,0x00000000f8f00000)
 ParOldGen       total 87552K, used 35511K [0x00000000a0000000, 0x00000000a5580000, 0x00000000e0000000)
  object space 87552K, 40% used [0x00000000a0000000,0x00000000a22adcb0,0x00000000a5580000)
 Metaspace       used 59670K, capacity 61718K, committed 61848K, reserved 1101824K
  class space    used 8055K, capacity 8494K, committed 8616K, reserved 1048576K
GC Heap History (10 events):
Event: 4.446 GC heap before
{Heap before GC invocations=8 (full 1):
 PSYoungGen      total 195584K, used 81732K [0x00000000e0000000, 0x00000000ef700000, 0x0000000100000000)
  eden space 183808K, 38% used [0x00000000e0000000,0x00000000e4458568,0x00000000eb380000)
  from space 11776K, 99% used [0x00000000eeb80000,0x00000000ef6f8b28,0x00000000ef700000)
  to   space 13824K, 0% used [0x00000000edc00000,0x00000000edc00000,0x00000000ee980000)
 ParOldGen       total 55808K, used 9045K [0x00000000a0000000, 0x00000000a3680000, 0x00000000e0000000)
  object space 55808K, 16% used [0x00000000a0000000,0x00000000a08d5788,0x00000000a3680000)
 Metaspace       used 34695K, capacity 35448K, committed 35496K, reserved 1079296K
  class space    used 4786K, capacity 4999K, committed 5032K, reserved 1048576K
Event: 4.460 GC heap after
Heap after GC invocations=8 (full 1):
 PSYoungGen      total 239104K, used 11734K [0x00000000e0000000, 0x00000000f3a80000, 0x0000000100000000)
  eden space 225280K, 0% used [0x00000000e0000000,0x00000000e0000000,0x00000000edc00000)
  from space 13824K, 84% used [0x00000000edc00000,0x00000000ee775908,0x00000000ee980000)
  to   space 15360K, 0% used [0x00000000f2b80000,0x00000000f2b80000,0x00000000f3a80000)
 ParOldGen       total 55808K, used 9053K [0x00000000a0000000, 0x00000000a3680000, 0x00000000e0000000)
  object space 55808K, 16% used [0x00000000a0000000,0x00000000a08d7788,0x00000000a3680000)
 Metaspace       used 34695K, capacity 35448K, committed 35496K, reserved 1079296K
  class space    used 4786K, capacity 4999K, committed 5032K, reserved 1048576K
}
Event: 4.460 GC heap before
{Heap before GC invocations=9 (full 2):
 PSYoungGen      total 239104K, used 11734K [0x00000000e0000000, 0x00000000f3a80000, 0x0000000100000000)
  eden space 225280K, 0% used [0x00000000e0000000,0x00000000e0000000,0x00000000edc00000)
  from space 13824K, 84% used [0x00000000edc00000,0x00000000ee775908,0x00000000ee980000)
  to   space 15360K, 0% used [0x00000000f2b80000,0x00000000f2b80000,0x00000000f3a80000)
 ParOldGen       total 55808K, used 9053K [0x00000000a0000000, 0x00000000a3680000, 0x00000000e0000000)
  object space 55808K, 16% used [0x00000000a0000000,0x00000000a08d7788,0x00000000a3680000)
 Metaspace       used 34695K, capacity 35448K, committed 35496K, reserved 1079296K
  class space    used 4786K, capacity 4999K, committed 5032K, reserved 1048576K
Event: 4.534 GC heap after
Heap after GC invocations=9 (full 2):
 PSYoungGen      total 239104K, used 0K [0x00000000e0000000, 0x00000000f3a80000, 0x0000000100000000)
  eden space 225280K, 0% used [0x00000000e0000000,0x00000000e0000000,0x00000000edc00000)
  from space 13824K, 0% used [0x00000000edc00000,0x00000000edc00000,0x00000000ee980000)
  to   space 15360K, 0% used [0x00000000f2b80000,0x00000000f2b80000,0x00000000f3a80000)
 ParOldGen       total 87552K, used 18884K [0x00000000a0000000, 0x00000000a5580000, 0x00000000e0000000)
  object space 87552K, 21% used [0x00000000a0000000,0x00000000a1271280,0x00000000a5580000)
 Metaspace       used 34685K, capacity 35418K, committed 35496K, reserved 1079296K
  class space    used 4783K, capacity 4994K, committed 5032K, reserved 1048576K
}
Event: 6.743 GC heap before
{Heap before GC invocations=10 (full 2):
 PSYoungGen      total 239104K, used 225280K [0x00000000e0000000, 0x00000000f3a80000, 0x0000000100000000)
  eden space 225280K, 100% used [0x00000000e0000000,0x00000000edc00000,0x00000000edc00000)
  from space 13824K, 0% used [0x00000000edc00000,0x00000000edc00000,0x00000000ee980000)
  to   space 15360K, 0% used [0x00000000f2b80000,0x00000000f2b80000,0x00000000f3a80000)
 ParOldGen       total 87552K, used 18884K [0x00000000a0000000, 0x00000000a5580000, 0x00000000e0000000)
  object space 87552K, 21% used [0x00000000a0000000,0x00000000a1271280,0x00000000a5580000)
 Metaspace       used 51213K, capacity 52350K, committed 52520K, reserved 1095680K
  class space    used 6865K, capacity 7146K, committed 7208K, reserved 1048576K
Event: 6.763 GC heap after
Heap after GC invocations=10 (full 2):
 PSYoungGen      total 301568K, used 15342K [0x00000000e0000000, 0x00000000f5f00000, 0x0000000100000000)
  eden space 286208K, 0% used [0x00000000e0000000,0x00000000e0000000,0x00000000f1780000)
  from space 15360K, 99% used [0x00000000f2b80000,0x00000000f3a7b8d0,0x00000000f3a80000)
  to   space 20480K, 0% used [0x00000000f1780000,0x00000000f1780000,0x00000000f2b80000)
 ParOldGen       total 87552K, used 26472K [0x00000000a0000000, 0x00000000a5580000, 0x00000000e0000000)
  object space 87552K, 30% used [0x00000000a0000000,0x00000000a19da3b0,0x00000000a5580000)
 Metaspace       used 51213K, capacity 52350K, committed 52520K, reserved 1095680K
  class space    used 6865K, capacity 7146K, committed 7208K, reserved 1048576K
}
Event: 8.002 GC heap before
{Heap before GC invocations=11 (full 2):
 PSYoungGen      total 301568K, used 113136K [0x00000000e0000000, 0x00000000f5f00000, 0x0000000100000000)
  eden space 286208K, 34% used [0x00000000e0000000,0x00000000e5f80a30,0x00000000f1780000)
  from space 15360K, 99% used [0x00000000f2b80000,0x00000000f3a7b8d0,0x00000000f3a80000)
  to   space 20480K, 0% used [0x00000000f1780000,0x00000000f1780000,0x00000000f2b80000)
 ParOldGen       total 87552K, used 26472K [0x00000000a0000000, 0x00000000a5580000, 0x00000000e0000000)
  object space 87552K, 30% used [0x00000000a0000000,0x00000000a19da3b0,0x00000000a5580000)
 Metaspace       used 57286K, capacity 59088K, committed 59160K, reserved 1099776K
  class space    used 7752K, capacity 8193K, committed 8232K, reserved 1048576K
Event: 8.032 GC heap after
Heap after GC invocations=11 (full 2):
 PSYoungGen      total 306688K, used 20344K [0x00000000e0000000, 0x00000000f8f00000, 0x0000000100000000)
  eden space 286208K, 0% used [0x00000000e0000000,0x00000000e0000000,0x00000000f1780000)
  from space 20480K, 99% used [0x00000000f1780000,0x00000000f2b5e320,0x00000000f2b80000)
  to   space 23552K, 0% used [0x00000000f7800000,0x00000000f7800000,0x00000000f8f00000)
 ParOldGen       total 87552K, used 26480K [0x00000000a0000000, 0x00000000a5580000, 0x00000000e0000000)
  object space 87552K, 30% used [0x00000000a0000000,0x00000000a19dc3b0,0x00000000a5580000)
 Metaspace       used 57286K, capacity 59088K, committed 59160K, reserved 1099776K
  class space    used 7752K, capacity 8193K, committed 8232K, reserved 1048576K
}
Event: 8.032 GC heap before
{Heap before GC invocations=12 (full 3):
 PSYoungGen      total 306688K, used 20344K [0x00000000e0000000, 0x00000000f8f00000, 0x0000000100000000)
  eden space 286208K, 0% used [0x00000000e0000000,0x00000000e0000000,0x00000000f1780000)
  from space 20480K, 99% used [0x00000000f1780000,0x00000000f2b5e320,0x00000000f2b80000)
  to   space 23552K, 0% used [0x00000000f7800000,0x00000000f7800000,0x00000000f8f00000)
 ParOldGen       total 87552K, used 26480K [0x00000000a0000000, 0x00000000a5580000, 0x00000000e0000000)
  object space 87552K, 30% used [0x00000000a0000000,0x00000000a19dc3b0,0x00000000a5580000)
 Metaspace       used 57286K, capacity 59088K, committed 59160K, reserved 1099776K
  class space    used 7752K, capacity 8193K, committed 8232K, reserved 1048576K
Event: 8.236 GC heap after
Heap after GC invocations=12 (full 3):
 PSYoungGen      total 306688K, used 0K [0x00000000e0000000, 0x00000000f8f00000, 0x0000000100000000)
  eden space 286208K, 0% used [0x00000000e0000000,0x00000000e0000000,0x00000000f1780000)
  from space 20480K, 0% used [0x00000000f1780000,0x00000000f1780000,0x00000000f2b80000)
  to   space 23552K, 0% used [0x00000000f7800000,0x00000000f7800000,0x00000000f8f00000)
 ParOldGen       total 87552K, used 35511K [0x00000000a0000000, 0x00000000a5580000, 0x00000000e0000000)
  object space 87552K, 40% used [0x00000000a0000000,0x00000000a22adcb0,0x00000000a5580000)
 Metaspace       used 57286K, capacity 59088K, committed 59160K, reserved 1099776K
  class space    used 7752K, capacity 8193K, committed 8232K, reserved 1048576K
}

