# JRE version: OpenJDK Runtime Environment (8.0_202-b03) (build 1.8.0_202-release-1483-b03)
# Java VM: OpenJDK 64-Bit Server VM (25.202-b03 mixed mode windows-amd64 compressed oops)
Heap:
 PSYoungGen      total 415744K, used 195877K [0x00000000e0000000, 0x00000000fd180000, 0x0000000100000000)
  eden space 391680K, 43% used [0x00000000e0000000,0x00000000ea81f6d8,0x00000000f7e80000)
  from space 24064K, 98% used [0x00000000fba00000,0x00000000fd12a088,0x00000000fd180000)
  to   space 27136K, 0% used [0x00000000f9c80000,0x00000000f9c80000,0x00000000fb700000)
 ParOldGen       total 114688K, used 35395K [0x00000000a0000000, 0x00000000a7000000, 0x00000000e0000000)
  object space 114688K, 30% used [0x00000000a0000000,0x00000000a2290e98,0x00000000a7000000)
 Metaspace       used 79100K, capacity 81622K, committed 81880K, reserved 1120256K
  class space    used 10157K, capacity 10714K, committed 10752K, reserved 1048576K
GC Heap History (10 events):
Event: 12.395 GC heap before
{Heap before GC invocations=9 (full 2):
 PSYoungGen      total 239104K, used 12042K [0x00000000e0000000, 0x00000000f5d00000, 0x0000000100000000)
  eden space 225280K, 0% used [0x00000000e0000000,0x00000000e0000000,0x00000000edc00000)
  from space 13824K, 87% used [0x00000000edc00000,0x00000000ee7c2bb0,0x00000000ee980000)
  to   space 15360K, 0% used [0x00000000f4e00000,0x00000000f4e00000,0x00000000f5d00000)
 ParOldGen       total 51712K, used 8210K [0x00000000a0000000, 0x00000000a3280000, 0x00000000e0000000)
  object space 51712K, 15% used [0x00000000a0000000,0x00000000a0804bf8,0x00000000a3280000)
 Metaspace       used 34488K, capacity 35228K, committed 35416K, reserved 1079296K
  class space    used 4750K, capacity 4945K, committed 4992K, reserved 1048576K
Event: 12.493 GC heap after
Heap after GC invocations=9 (full 2):
 PSYoungGen      total 239104K, used 0K [0x00000000e0000000, 0x00000000f5d00000, 0x0000000100000000)
  eden space 225280K, 0% used [0x00000000e0000000,0x00000000e0000000,0x00000000edc00000)
  from space 13824K, 0% used [0x00000000edc00000,0x00000000edc00000,0x00000000ee980000)
  to   space 15360K, 0% used [0x00000000f4e00000,0x00000000f4e00000,0x00000000f5d00000)
 ParOldGen       total 77824K, used 18819K [0x00000000a0000000, 0x00000000a4c00000, 0x00000000e0000000)
  object space 77824K, 24% used [0x00000000a0000000,0x00000000a1260cd0,0x00000000a4c00000)
 Metaspace       used 34474K, capacity 35180K, committed 35416K, reserved 1079296K
  class space    used 4746K, capacity 4937K, committed 4992K, reserved 1048576K
}
Event: 15.091 GC heap before
{Heap before GC invocations=10 (full 2):
 PSYoungGen      total 239104K, used 225280K [0x00000000e0000000, 0x00000000f5d00000, 0x0000000100000000)
  eden space 225280K, 100% used [0x00000000e0000000,0x00000000edc00000,0x00000000edc00000)
  from space 13824K, 0% used [0x00000000edc00000,0x00000000edc00000,0x00000000ee980000)
  to   space 15360K, 0% used [0x00000000f4e00000,0x00000000f4e00000,0x00000000f5d00000)
 ParOldGen       total 77824K, used 18819K [0x00000000a0000000, 0x00000000a4c00000, 0x00000000e0000000)
  object space 77824K, 24% used [0x00000000a0000000,0x00000000a1260cd0,0x00000000a4c00000)
 Metaspace       used 51055K, capacity 52112K, committed 52440K, reserved 1095680K
  class space    used 6833K, capacity 7089K, committed 7168K, reserved 1048576K
Event: 15.112 GC heap after
Heap after GC invocations=10 (full 2):
 PSYoungGen      total 336384K, used 15354K [0x00000000e0000000, 0x00000000f7800000, 0x0000000100000000)
  eden space 321024K, 0% used [0x00000000e0000000,0x00000000e0000000,0x00000000f3980000)
  from space 15360K, 99% used [0x00000000f4e00000,0x00000000f5cfe9d0,0x00000000f5d00000)
  to   space 20992K, 0% used [0x00000000f3980000,0x00000000f3980000,0x00000000f4e00000)
 ParOldGen       total 77824K, used 26268K [0x00000000a0000000, 0x00000000a4c00000, 0x00000000e0000000)
  object space 77824K, 33% used [0x00000000a0000000,0x00000000a19a70f8,0x00000000a4c00000)
 Metaspace       used 51055K, capacity 52112K, committed 52440K, reserved 1095680K
  class space    used 6833K, capacity 7089K, committed 7168K, reserved 1048576K
}
Event: 16.309 GC heap before
{Heap before GC invocations=11 (full 2):
 PSYoungGen      total 336384K, used 116052K [0x00000000e0000000, 0x00000000f7800000, 0x0000000100000000)
  eden space 321024K, 31% used [0x00000000e0000000,0x00000000e6256948,0x00000000f3980000)
  from space 15360K, 99% used [0x00000000f4e00000,0x00000000f5cfe9d0,0x00000000f5d00000)
  to   space 20992K, 0% used [0x00000000f3980000,0x00000000f3980000,0x00000000f4e00000)
 ParOldGen       total 77824K, used 26268K [0x00000000a0000000, 0x00000000a4c00000, 0x00000000e0000000)
  object space 77824K, 33% used [0x00000000a0000000,0x00000000a19a70f8,0x00000000a4c00000)
 Metaspace       used 57204K, capacity 58924K, committed 59028K, reserved 1099776K
  class space    used 7730K, capacity 8137K, committed 8192K, reserved 1048576K
Event: 16.344 GC heap after
Heap after GC invocations=11 (full 2):
 PSYoungGen      total 342016K, used 20382K [0x00000000e0000000, 0x00000000fd180000, 0x0000000100000000)
  eden space 321024K, 0% used [0x00000000e0000000,0x00000000e0000000,0x00000000f3980000)
  from space 20992K, 97% used [0x00000000f3980000,0x00000000f4d67a40,0x00000000f4e00000)
  to   space 24064K, 0% used [0x00000000fba00000,0x00000000fba00000,0x00000000fd180000)
 ParOldGen       total 77824K, used 26276K [0x00000000a0000000, 0x00000000a4c00000, 0x00000000e0000000)
  object space 77824K, 33% used [0x00000000a0000000,0x00000000a19a90f8,0x00000000a4c00000)
 Metaspace       used 57204K, capacity 58924K, committed 59028K, reserved 1099776K
  class space    used 7730K, capacity 8137K, committed 8192K, reserved 1048576K
}
Event: 16.344 GC heap before
{Heap before GC invocations=12 (full 3):
 PSYoungGen      total 342016K, used 20382K [0x00000000e0000000, 0x00000000fd180000, 0x0000000100000000)
  eden space 321024K, 0% used [0x00000000e0000000,0x00000000e0000000,0x00000000f3980000)
  from space 20992K, 97% used [0x00000000f3980000,0x00000000f4d67a40,0x00000000f4e00000)
  to   space 24064K, 0% used [0x00000000fba00000,0x00000000fba00000,0x00000000fd180000)
 ParOldGen       total 77824K, used 26276K [0x00000000a0000000, 0x00000000a4c00000, 0x00000000e0000000)
  object space 77824K, 33% used [0x00000000a0000000,0x00000000a19a90f8,0x00000000a4c00000)
 Metaspace       used 57204K, capacity 58924K, committed 59028K, reserved 1099776K
  class space    used 7730K, capacity 8137K, committed 8192K, reserved 1048576K
Event: 16.537 GC heap after
Heap after GC invocations=12 (full 3):
 PSYoungGen      total 342016K, used 0K [0x00000000e0000000, 0x00000000fd180000, 0x0000000100000000)
  eden space 321024K, 0% used [0x00000000e0000000,0x00000000e0000000,0x00000000f3980000)
  from space 20992K, 0% used [0x00000000f3980000,0x00000000f3980000,0x00000000f4e00000)
  to   space 24064K, 0% used [0x00000000fba00000,0x00000000fba00000,0x00000000fd180000)
 ParOldGen       total 114688K, used 35387K [0x00000000a0000000, 0x00000000a7000000, 0x00000000e0000000)
  object space 114688K, 30% used [0x00000000a0000000,0x00000000a228ee98,0x00000000a7000000)
 Metaspace       used 57204K, capacity 58924K, committed 59028K, reserved 1099776K
  class space    used 7730K, capacity 8137K, committed 8192K, reserved 1048576K
}
Event: 35.146 GC heap before
{Heap before GC invocations=13 (full 3):
 PSYoungGen      total 342016K, used 321024K [0x00000000e0000000, 0x00000000fd180000, 0x0000000100000000)
  eden space 321024K, 100% used [0x00000000e0000000,0x00000000f3980000,0x00000000f3980000)
  from space 20992K, 0% used [0x00000000f3980000,0x00000000f3980000,0x00000000f4e00000)
  to   space 24064K, 0% used [0x00000000fba00000,0x00000000fba00000,0x00000000fd180000)
 ParOldGen       total 114688K, used 35387K [0x00000000a0000000, 0x00000000a7000000, 0x00000000e0000000)
  object space 114688K, 30% used [0x00000000a0000000,0x00000000a228ee98,0x00000000a7000000)
 Metaspace       used 68312K, capacity 70658K, committed 70744K, reserved 1110016K
  class space    used 8836K, capacity 9334K, committed 9344K, reserved 1048576K
Event: 35.171 GC heap after
Heap after GC invocations=13 (full 3):
 PSYoungGen      total 415744K, used 23720K [0x00000000e0000000, 0x00000000fd180000, 0x0000000100000000)
  eden space 391680K, 0% used [0x00000000e0000000,0x00000000e0000000,0x00000000f7e80000)
  from space 24064K, 98% used [0x00000000fba00000,0x00000000fd12a088,0x00000000fd180000)
  to   space 27136K, 0% used [0x00000000f9c80000,0x00000000f9c80000,0x00000000fb700000)
 ParOldGen       total 114688K, used 35395K [0x00000000a0000000, 0x00000000a7000000, 0x00000000e0000000)
  object space 114688K, 30% used [0x00000000a0000000,0x00000000a2290e98,0x00000000a7000000)
 Metaspace       used 68312K, capacity 70658K, committed 70744K, reserved 1110016K
  class space    used 8836K, capacity 9334K, committed 9344K, reserved 1048576K
}

