# JRE version: OpenJDK Runtime Environment (8.0_202-b03) (build 1.8.0_202-release-1483-b03)
# Java VM: OpenJDK 64-Bit Server VM (25.202-b03 mixed mode windows-amd64 compressed oops)
Heap:
 PSYoungGen      total 265216K, used 52657K [0x00000000e0000000, 0x00000000f5000000, 0x0000000100000000)
  eden space 237056K, 10% used [0x00000000e0000000,0x00000000e17f29f0,0x00000000ee780000)
  from space 28160K, 99% used [0x00000000f3480000,0x00000000f4ff9a50,0x00000000f5000000)
  to   space 23040K, 0% used [0x00000000ee780000,0x00000000ee780000,0x00000000efe00000)
 ParOldGen       total 122368K, used 79320K [0x00000000a0000000, 0x00000000a7780000, 0x00000000e0000000)
  object space 122368K, 64% used [0x00000000a0000000,0x00000000a4d76010,0x00000000a7780000)
 Metaspace       used 85766K, capacity 88442K, committed 88600K, reserved 1126400K
  class space    used 10970K, capacity 11546K, committed 11560K, reserved 1048576K
GC Heap History (10 events):
Event: 7.411 GC heap before
{Heap before GC invocations=11 (full 2):
 PSYoungGen      total 200192K, used 186880K [0x00000000e0000000, 0x00000000ed480000, 0x0000000100000000)
  eden space 186880K, 100% used [0x00000000e0000000,0x00000000eb680000,0x00000000eb680000)
  from space 13312K, 0% used [0x00000000ec480000,0x00000000ec480000,0x00000000ed180000)
  to   space 14336K, 0% used [0x00000000eb680000,0x00000000eb680000,0x00000000ec480000)
 ParOldGen       total 81920K, used 18856K [0x00000000a0000000, 0x00000000a5000000, 0x00000000e0000000)
  object space 81920K, 23% used [0x00000000a0000000,0x00000000a126a170,0x00000000a5000000)
 Metaspace       used 51089K, capacity 52186K, committed 52520K, reserved 1095680K
  class space    used 6866K, capacity 7140K, committed 7208K, reserved 1048576K
Event: 7.433 GC heap after
Heap after GC invocations=11 (full 2):
 PSYoungGen      total 201216K, used 14328K [0x00000000e0000000, 0x00000000f1100000, 0x0000000100000000)
  eden space 186880K, 0% used [0x00000000e0000000,0x00000000e0000000,0x00000000eb680000)
  from space 14336K, 99% used [0x00000000eb680000,0x00000000ec47e338,0x00000000ec480000)
  to   space 19456K, 0% used [0x00000000efe00000,0x00000000efe00000,0x00000000f1100000)
 ParOldGen       total 81920K, used 25960K [0x00000000a0000000, 0x00000000a5000000, 0x00000000e0000000)
  object space 81920K, 31% used [0x00000000a0000000,0x00000000a195a2e8,0x00000000a5000000)
 Metaspace       used 51089K, capacity 52186K, committed 52520K, reserved 1095680K
  class space    used 6866K, capacity 7140K, committed 7208K, reserved 1048576K
}
Event: 8.736 GC heap before
{Heap before GC invocations=12 (full 2):
 PSYoungGen      total 201216K, used 146635K [0x00000000e0000000, 0x00000000f1100000, 0x0000000100000000)
  eden space 186880K, 70% used [0x00000000e0000000,0x00000000e8134a70,0x00000000eb680000)
  from space 14336K, 99% used [0x00000000eb680000,0x00000000ec47e338,0x00000000ec480000)
  to   space 19456K, 0% used [0x00000000efe00000,0x00000000efe00000,0x00000000f1100000)
 ParOldGen       total 81920K, used 25960K [0x00000000a0000000, 0x00000000a5000000, 0x00000000e0000000)
  object space 81920K, 31% used [0x00000000a0000000,0x00000000a195a2e8,0x00000000a5000000)
 Metaspace       used 57352K, capacity 59086K, committed 59160K, reserved 1099776K
  class space    used 7761K, capacity 8194K, committed 8232K, reserved 1048576K
Event: 8.769 GC heap after
Heap after GC invocations=12 (full 2):
 PSYoungGen      total 256512K, used 19449K [0x00000000e0000000, 0x00000000f1900000, 0x0000000100000000)
  eden space 237056K, 0% used [0x00000000e0000000,0x00000000e0000000,0x00000000ee780000)
  from space 19456K, 99% used [0x00000000efe00000,0x00000000f10fe608,0x00000000f1100000)
  to   space 23040K, 0% used [0x00000000ee780000,0x00000000ee780000,0x00000000efe00000)
 ParOldGen       total 81920K, used 28196K [0x00000000a0000000, 0x00000000a5000000, 0x00000000e0000000)
  object space 81920K, 34% used [0x00000000a0000000,0x00000000a1b89350,0x00000000a5000000)
 Metaspace       used 57352K, capacity 59086K, committed 59160K, reserved 1099776K
  class space    used 7761K, capacity 8194K, committed 8232K, reserved 1048576K
}
Event: 8.769 GC heap before
{Heap before GC invocations=13 (full 3):
 PSYoungGen      total 256512K, used 19449K [0x00000000e0000000, 0x00000000f1900000, 0x0000000100000000)
  eden space 237056K, 0% used [0x00000000e0000000,0x00000000e0000000,0x00000000ee780000)
  from space 19456K, 99% used [0x00000000efe00000,0x00000000f10fe608,0x00000000f1100000)
  to   space 23040K, 0% used [0x00000000ee780000,0x00000000ee780000,0x00000000efe00000)
 ParOldGen       total 81920K, used 28196K [0x00000000a0000000, 0x00000000a5000000, 0x00000000e0000000)
  object space 81920K, 34% used [0x00000000a0000000,0x00000000a1b89350,0x00000000a5000000)
 Metaspace       used 57352K, capacity 59086K, committed 59160K, reserved 1099776K
  class space    used 7761K, capacity 8194K, committed 8232K, reserved 1048576K
Event: 8.952 GC heap after
Heap after GC invocations=13 (full 3):
 PSYoungGen      total 256512K, used 0K [0x00000000e0000000, 0x00000000f1900000, 0x0000000100000000)
  eden space 237056K, 0% used [0x00000000e0000000,0x00000000e0000000,0x00000000ee780000)
  from space 19456K, 0% used [0x00000000efe00000,0x00000000efe00000,0x00000000f1100000)
  to   space 23040K, 0% used [0x00000000ee780000,0x00000000ee780000,0x00000000efe00000)
 ParOldGen       total 122368K, used 36795K [0x00000000a0000000, 0x00000000a7780000, 0x00000000e0000000)
  object space 122368K, 30% used [0x00000000a0000000,0x00000000a23eee30,0x00000000a7780000)
 Metaspace       used 57352K, capacity 59086K, committed 59160K, reserved 1099776K
  class space    used 7761K, capacity 8194K, committed 8232K, reserved 1048576K
}
Event: 14.485 GC heap before
{Heap before GC invocations=14 (full 3):
 PSYoungGen      total 256512K, used 237056K [0x00000000e0000000, 0x00000000f1900000, 0x0000000100000000)
  eden space 237056K, 100% used [0x00000000e0000000,0x00000000ee780000,0x00000000ee780000)
  from space 19456K, 0% used [0x00000000efe00000,0x00000000efe00000,0x00000000f1100000)
  to   space 23040K, 0% used [0x00000000ee780000,0x00000000ee780000,0x00000000efe00000)
 ParOldGen       total 122368K, used 36795K [0x00000000a0000000, 0x00000000a7780000, 0x00000000e0000000)
  object space 122368K, 30% used [0x00000000a0000000,0x00000000a23eee30,0x00000000a7780000)
 Metaspace       used 72678K, capacity 75022K, committed 75288K, reserved 1114112K
  class space    used 9607K, capacity 10168K, committed 10280K, reserved 1048576K
Event: 14.521 GC heap after
Heap after GC invocations=14 (full 3):
 PSYoungGen      total 260096K, used 23011K [0x00000000e0000000, 0x00000000f5000000, 0x0000000100000000)
  eden space 237056K, 0% used [0x00000000e0000000,0x00000000e0000000,0x00000000ee780000)
  from space 23040K, 99% used [0x00000000ee780000,0x00000000efdf8ec8,0x00000000efe00000)
  to   space 28160K, 0% used [0x00000000f3480000,0x00000000f3480000,0x00000000f5000000)
 ParOldGen       total 122368K, used 42081K [0x00000000a0000000, 0x00000000a7780000, 0x00000000e0000000)
  object space 122368K, 34% used [0x00000000a0000000,0x00000000a2918650,0x00000000a7780000)
 Metaspace       used 72678K, capacity 75022K, committed 75288K, reserved 1114112K
  class space    used 9607K, capacity 10168K, committed 10280K, reserved 1048576K
}
Event: 21.866 GC heap before
{Heap before GC invocations=15 (full 3):
 PSYoungGen      total 260096K, used 260067K [0x00000000e0000000, 0x00000000f5000000, 0x0000000100000000)
  eden space 237056K, 100% used [0x00000000e0000000,0x00000000ee780000,0x00000000ee780000)
  from space 23040K, 99% used [0x00000000ee780000,0x00000000efdf8ec8,0x00000000efe00000)
  to   space 28160K, 0% used [0x00000000f3480000,0x00000000f3480000,0x00000000f5000000)
 ParOldGen       total 122368K, used 42081K [0x00000000a0000000, 0x00000000a7780000, 0x00000000e0000000)
  object space 122368K, 34% used [0x00000000a0000000,0x00000000a2918650,0x00000000a7780000)
 Metaspace       used 84860K, capacity 87442K, committed 87832K, reserved 1126400K
  class space    used 10869K, capacity 11438K, committed 11560K, reserved 1048576K
Event: 21.930 GC heap after
Heap after GC invocations=15 (full 3):
 PSYoungGen      total 265216K, used 28134K [0x00000000e0000000, 0x00000000f5000000, 0x0000000100000000)
  eden space 237056K, 0% used [0x00000000e0000000,0x00000000e0000000,0x00000000ee780000)
  from space 28160K, 99% used [0x00000000f3480000,0x00000000f4ff9a50,0x00000000f5000000)
  to   space 23040K, 0% used [0x00000000ee780000,0x00000000ee780000,0x00000000efe00000)
 ParOldGen       total 122368K, used 79320K [0x00000000a0000000, 0x00000000a7780000, 0x00000000e0000000)
  object space 122368K, 64% used [0x00000000a0000000,0x00000000a4d76010,0x00000000a7780000)
 Metaspace       used 84860K, capacity 87442K, committed 87832K, reserved 1126400K
  class space    used 10869K, capacity 11438K, committed 11560K, reserved 1048576K
}

