# JRE version: OpenJDK Runtime Environment (8.0_202-b03) (build 1.8.0_202-release-1483-b03)
# Java VM: OpenJDK 64-Bit Server VM (25.202-b03 mixed mode windows-amd64 compressed oops)
Heap:
 PSYoungGen      total 309760K, used 41202K [0x00000000e0000000, 0x00000000f6880000, 0x0000000100000000)
  eden space 279552K, 3% used [0x00000000e0000000,0x00000000e0ac3ca8,0x00000000f1100000)
  from space 30208K, 99% used [0x00000000f3a80000,0x00000000f57f8ee0,0x00000000f5800000)
  to   space 42496K, 0% used [0x00000000f1100000,0x00000000f1100000,0x00000000f3a80000)
 ParOldGen       total 121344K, used 67895K [0x00000000a0000000, 0x00000000a7680000, 0x00000000e0000000)
  object space 121344K, 55% used [0x00000000a0000000,0x00000000a424dda0,0x00000000a7680000)
 Metaspace       used 77525K, capacity 80394K, committed 80728K, reserved 1120256K
  class space    used 10173K, capacity 10777K, committed 10880K, reserved 1048576K
GC Heap History (10 events):
Event: 6.730 GC heap before
{Heap before GC invocations=11 (full 2):
 PSYoungGen      total 199168K, used 185856K [0x00000000e0000000, 0x00000000ed180000, 0x0000000100000000)
  eden space 185856K, 100% used [0x00000000e0000000,0x00000000eb580000,0x00000000eb580000)
  from space 13312K, 0% used [0x00000000ec380000,0x00000000ec380000,0x00000000ed080000)
  to   space 14336K, 0% used [0x00000000eb580000,0x00000000eb580000,0x00000000ec380000)
 ParOldGen       total 81920K, used 18774K [0x00000000a0000000, 0x00000000a5000000, 0x00000000e0000000)
  object space 81920K, 22% used [0x00000000a0000000,0x00000000a1255968,0x00000000a5000000)
 Metaspace       used 51153K, capacity 52276K, committed 52608K, reserved 1095680K
  class space    used 6871K, capacity 7171K, committed 7296K, reserved 1048576K
Event: 6.752 GC heap after
Heap after GC invocations=11 (full 2):
 PSYoungGen      total 200192K, used 14321K [0x00000000e0000000, 0x00000000f1200000, 0x0000000100000000)
  eden space 185856K, 0% used [0x00000000e0000000,0x00000000e0000000,0x00000000eb580000)
  from space 14336K, 99% used [0x00000000eb580000,0x00000000ec37c4c8,0x00000000ec380000)
  to   space 19456K, 0% used [0x00000000eff00000,0x00000000eff00000,0x00000000f1200000)
 ParOldGen       total 81920K, used 26124K [0x00000000a0000000, 0x00000000a5000000, 0x00000000e0000000)
  object space 81920K, 31% used [0x00000000a0000000,0x00000000a19832b0,0x00000000a5000000)
 Metaspace       used 51153K, capacity 52276K, committed 52608K, reserved 1095680K
  class space    used 6871K, capacity 7171K, committed 7296K, reserved 1048576K
}
Event: 8.133 GC heap before
{Heap before GC invocations=12 (full 2):
 PSYoungGen      total 200192K, used 149210K [0x00000000e0000000, 0x00000000f1200000, 0x0000000100000000)
  eden space 185856K, 72% used [0x00000000e0000000,0x00000000e83ba590,0x00000000eb580000)
  from space 14336K, 99% used [0x00000000eb580000,0x00000000ec37c4c8,0x00000000ec380000)
  to   space 19456K, 0% used [0x00000000eff00000,0x00000000eff00000,0x00000000f1200000)
 ParOldGen       total 81920K, used 26124K [0x00000000a0000000, 0x00000000a5000000, 0x00000000e0000000)
  object space 81920K, 31% used [0x00000000a0000000,0x00000000a19832b0,0x00000000a5000000)
 Metaspace       used 57334K, capacity 59038K, committed 59096K, reserved 1099776K
  class space    used 7748K, capacity 8158K, committed 8192K, reserved 1048576K
Event: 8.174 GC heap after
Heap after GC invocations=12 (full 2):
 PSYoungGen      total 257536K, used 19429K [0x00000000e0000000, 0x00000000f1b00000, 0x0000000100000000)
  eden space 238080K, 0% used [0x00000000e0000000,0x00000000e0000000,0x00000000ee880000)
  from space 19456K, 99% used [0x00000000eff00000,0x00000000f11f9668,0x00000000f1200000)
  to   space 23040K, 0% used [0x00000000ee880000,0x00000000ee880000,0x00000000eff00000)
 ParOldGen       total 81920K, used 28257K [0x00000000a0000000, 0x00000000a5000000, 0x00000000e0000000)
  object space 81920K, 34% used [0x00000000a0000000,0x00000000a1b98688,0x00000000a5000000)
 Metaspace       used 57334K, capacity 59038K, committed 59096K, reserved 1099776K
  class space    used 7748K, capacity 8158K, committed 8192K, reserved 1048576K
}
Event: 8.174 GC heap before
{Heap before GC invocations=13 (full 3):
 PSYoungGen      total 257536K, used 19429K [0x00000000e0000000, 0x00000000f1b00000, 0x0000000100000000)
  eden space 238080K, 0% used [0x00000000e0000000,0x00000000e0000000,0x00000000ee880000)
  from space 19456K, 99% used [0x00000000eff00000,0x00000000f11f9668,0x00000000f1200000)
  to   space 23040K, 0% used [0x00000000ee880000,0x00000000ee880000,0x00000000eff00000)
 ParOldGen       total 81920K, used 28257K [0x00000000a0000000, 0x00000000a5000000, 0x00000000e0000000)
  object space 81920K, 34% used [0x00000000a0000000,0x00000000a1b98688,0x00000000a5000000)
 Metaspace       used 57334K, capacity 59038K, committed 59096K, reserved 1099776K
  class space    used 7748K, capacity 8158K, committed 8192K, reserved 1048576K
Event: 8.359 GC heap after
Heap after GC invocations=13 (full 3):
 PSYoungGen      total 257536K, used 0K [0x00000000e0000000, 0x00000000f1b00000, 0x0000000100000000)
  eden space 238080K, 0% used [0x00000000e0000000,0x00000000e0000000,0x00000000ee880000)
  from space 19456K, 0% used [0x00000000eff00000,0x00000000eff00000,0x00000000f1200000)
  to   space 23040K, 0% used [0x00000000ee880000,0x00000000ee880000,0x00000000eff00000)
 ParOldGen       total 121344K, used 36672K [0x00000000a0000000, 0x00000000a7680000, 0x00000000e0000000)
  object space 121344K, 30% used [0x00000000a0000000,0x00000000a23d0198,0x00000000a7680000)
 Metaspace       used 57334K, capacity 59038K, committed 59096K, reserved 1099776K
  class space    used 7748K, capacity 8158K, committed 8192K, reserved 1048576K
}
Event: 17.825 GC heap before
{Heap before GC invocations=14 (full 3):
 PSYoungGen      total 257536K, used 238080K [0x00000000e0000000, 0x00000000f1b00000, 0x0000000100000000)
  eden space 238080K, 100% used [0x00000000e0000000,0x00000000ee880000,0x00000000ee880000)
  from space 19456K, 0% used [0x00000000eff00000,0x00000000eff00000,0x00000000f1200000)
  to   space 23040K, 0% used [0x00000000ee880000,0x00000000ee880000,0x00000000eff00000)
 ParOldGen       total 121344K, used 36672K [0x00000000a0000000, 0x00000000a7680000, 0x00000000e0000000)
  object space 121344K, 30% used [0x00000000a0000000,0x00000000a23d0198,0x00000000a7680000)
 Metaspace       used 66869K, capacity 68936K, committed 69080K, reserved 1110016K
  class space    used 8904K, capacity 9364K, committed 9472K, reserved 1048576K
Event: 17.859 GC heap after
Heap after GC invocations=14 (full 3):
 PSYoungGen      total 261120K, used 23008K [0x00000000e0000000, 0x00000000f5800000, 0x0000000100000000)
  eden space 238080K, 0% used [0x00000000e0000000,0x00000000e0000000,0x00000000ee880000)
  from space 23040K, 99% used [0x00000000ee880000,0x00000000efef82f0,0x00000000eff00000)
  to   space 30208K, 0% used [0x00000000f3a80000,0x00000000f3a80000,0x00000000f5800000)
 ParOldGen       total 121344K, used 47563K [0x00000000a0000000, 0x00000000a7680000, 0x00000000e0000000)
  object space 121344K, 39% used [0x00000000a0000000,0x00000000a2e72c70,0x00000000a7680000)
 Metaspace       used 66869K, capacity 68936K, committed 69080K, reserved 1110016K
  class space    used 8904K, capacity 9364K, committed 9472K, reserved 1048576K
}
Event: 32.970 GC heap before
{Heap before GC invocations=15 (full 3):
 PSYoungGen      total 261120K, used 261088K [0x00000000e0000000, 0x00000000f5800000, 0x0000000100000000)
  eden space 238080K, 100% used [0x00000000e0000000,0x00000000ee880000,0x00000000ee880000)
  from space 23040K, 99% used [0x00000000ee880000,0x00000000efef82f0,0x00000000eff00000)
  to   space 30208K, 0% used [0x00000000f3a80000,0x00000000f3a80000,0x00000000f5800000)
 ParOldGen       total 121344K, used 47563K [0x00000000a0000000, 0x00000000a7680000, 0x00000000e0000000)
  object space 121344K, 39% used [0x00000000a0000000,0x00000000a2e72c70,0x00000000a7680000)
 Metaspace       used 77103K, capacity 79948K, committed 80088K, reserved 1118208K
  class space    used 10127K, capacity 10740K, committed 10752K, reserved 1048576K
Event: 33.022 GC heap after
Heap after GC invocations=15 (full 3):
 PSYoungGen      total 309760K, used 30179K [0x00000000e0000000, 0x00000000f6880000, 0x0000000100000000)
  eden space 279552K, 0% used [0x00000000e0000000,0x00000000e0000000,0x00000000f1100000)
  from space 30208K, 99% used [0x00000000f3a80000,0x00000000f57f8ee0,0x00000000f5800000)
  to   space 42496K, 0% used [0x00000000f1100000,0x00000000f1100000,0x00000000f3a80000)
 ParOldGen       total 121344K, used 67895K [0x00000000a0000000, 0x00000000a7680000, 0x00000000e0000000)
  object space 121344K, 55% used [0x00000000a0000000,0x00000000a424dda0,0x00000000a7680000)
 Metaspace       used 77103K, capacity 79948K, committed 80088K, reserved 1118208K
  class space    used 10127K, capacity 10740K, committed 10752K, reserved 1048576K
}

