# JRE version: OpenJDK Runtime Environment (8.0_202-b03) (build 1.8.0_202-release-1483-b03)
# Java VM: OpenJDK 64-Bit Server VM (25.202-b03 mixed mode windows-amd64 compressed oops)
Heap:
 PSYoungGen      total 308224K, used 88764K [0x00000000e0000000, 0x00000000f4d80000, 0x0000000100000000)
  eden space 274944K, 20% used [0x00000000e0000000,0x00000000e36302c8,0x00000000f0c80000)
  from space 33280K, 99% used [0x00000000f0c80000,0x00000000f2cfeec8,0x00000000f2d00000)
  to   space 26112K, 0% used [0x00000000f2e80000,0x00000000f2e80000,0x00000000f4800000)
 ParOldGen       total 128000K, used 90478K [0x00000000a0000000, 0x00000000a7d00000, 0x00000000e0000000)
  object space 128000K, 70% used [0x00000000a0000000,0x00000000a585b978,0x00000000a7d00000)
 Metaspace       used 91099K, capacity 94472K, committed 94744K, reserved 1132544K
  class space    used 11733K, capacity 12477K, committed 12568K, reserved 1048576K
GC Heap History (10 events):
Event: 8.048 GC heap before
{Heap before GC invocations=12 (full 2):
 PSYoungGen      total 198144K, used 155546K [0x00000000e0000000, 0x00000000f0b80000, 0x0000000100000000)
  eden space 184320K, 76% used [0x00000000e0000000,0x00000000e8a6b848,0x00000000eb400000)
  from space 13824K, 99% used [0x00000000eb400000,0x00000000ec17b350,0x00000000ec180000)
  to   space 19456K, 0% used [0x00000000ef880000,0x00000000ef880000,0x00000000f0b80000)
 ParOldGen       total 83968K, used 27180K [0x00000000a0000000, 0x00000000a5200000, 0x00000000e0000000)
  object space 83968K, 32% used [0x00000000a0000000,0x00000000a1a8b050,0x00000000a5200000)
 Metaspace       used 57320K, capacity 59092K, committed 59160K, reserved 1099776K
  class space    used 7766K, capacity 8193K, committed 8216K, reserved 1048576K
Event: 8.067 GC heap after
Heap after GC invocations=12 (full 2):
 PSYoungGen      total 250880K, used 19446K [0x00000000e0000000, 0x00000000f1100000, 0x0000000100000000)
  eden space 231424K, 0% used [0x00000000e0000000,0x00000000e0000000,0x00000000ee200000)
  from space 19456K, 99% used [0x00000000ef880000,0x00000000f0b7d810,0x00000000f0b80000)
  to   space 23040K, 0% used [0x00000000ee200000,0x00000000ee200000,0x00000000ef880000)
 ParOldGen       total 83968K, used 30430K [0x00000000a0000000, 0x00000000a5200000, 0x00000000e0000000)
  object space 83968K, 36% used [0x00000000a0000000,0x00000000a1db79d8,0x00000000a5200000)
 Metaspace       used 57320K, capacity 59092K, committed 59160K, reserved 1099776K
  class space    used 7766K, capacity 8193K, committed 8216K, reserved 1048576K
}
Event: 8.067 GC heap before
{Heap before GC invocations=13 (full 3):
 PSYoungGen      total 250880K, used 19446K [0x00000000e0000000, 0x00000000f1100000, 0x0000000100000000)
  eden space 231424K, 0% used [0x00000000e0000000,0x00000000e0000000,0x00000000ee200000)
  from space 19456K, 99% used [0x00000000ef880000,0x00000000f0b7d810,0x00000000f0b80000)
  to   space 23040K, 0% used [0x00000000ee200000,0x00000000ee200000,0x00000000ef880000)
 ParOldGen       total 83968K, used 30430K [0x00000000a0000000, 0x00000000a5200000, 0x00000000e0000000)
  object space 83968K, 36% used [0x00000000a0000000,0x00000000a1db79d8,0x00000000a5200000)
 Metaspace       used 57320K, capacity 59092K, committed 59160K, reserved 1099776K
  class space    used 7766K, capacity 8193K, committed 8216K, reserved 1048576K
Event: 8.244 GC heap after
Heap after GC invocations=13 (full 3):
 PSYoungGen      total 250880K, used 0K [0x00000000e0000000, 0x00000000f1100000, 0x0000000100000000)
  eden space 231424K, 0% used [0x00000000e0000000,0x00000000e0000000,0x00000000ee200000)
  from space 19456K, 0% used [0x00000000ef880000,0x00000000ef880000,0x00000000f0b80000)
  to   space 23040K, 0% used [0x00000000ee200000,0x00000000ee200000,0x00000000ef880000)
 ParOldGen       total 128000K, used 37551K [0x00000000a0000000, 0x00000000a7d00000, 0x00000000e0000000)
  object space 128000K, 29% used [0x00000000a0000000,0x00000000a24abd10,0x00000000a7d00000)
 Metaspace       used 57320K, capacity 59092K, committed 59160K, reserved 1099776K
  class space    used 7766K, capacity 8193K, committed 8216K, reserved 1048576K
}
Event: 10.060 GC heap before
{Heap before GC invocations=14 (full 3):
 PSYoungGen      total 250880K, used 231424K [0x00000000e0000000, 0x00000000f1100000, 0x0000000100000000)
  eden space 231424K, 100% used [0x00000000e0000000,0x00000000ee200000,0x00000000ee200000)
  from space 19456K, 0% used [0x00000000ef880000,0x00000000ef880000,0x00000000f0b80000)
  to   space 23040K, 0% used [0x00000000ee200000,0x00000000ee200000,0x00000000ef880000)
 ParOldGen       total 128000K, used 37551K [0x00000000a0000000, 0x00000000a7d00000, 0x00000000e0000000)
  object space 128000K, 29% used [0x00000000a0000000,0x00000000a24abd10,0x00000000a7d00000)
 Metaspace       used 62627K, capacity 64818K, committed 64920K, reserved 1105920K
  class space    used 8548K, capacity 9062K, committed 9112K, reserved 1048576K
Event: 10.102 GC heap after
Heap after GC invocations=14 (full 3):
 PSYoungGen      total 254464K, used 22323K [0x00000000e0000000, 0x00000000f4800000, 0x0000000100000000)
  eden space 231424K, 0% used [0x00000000e0000000,0x00000000e0000000,0x00000000ee200000)
  from space 23040K, 96% used [0x00000000ee200000,0x00000000ef7ccc18,0x00000000ef880000)
  to   space 26112K, 0% used [0x00000000f2e80000,0x00000000f2e80000,0x00000000f4800000)
 ParOldGen       total 128000K, used 37559K [0x00000000a0000000, 0x00000000a7d00000, 0x00000000e0000000)
  object space 128000K, 29% used [0x00000000a0000000,0x00000000a24add10,0x00000000a7d00000)
 Metaspace       used 62627K, capacity 64818K, committed 64920K, reserved 1105920K
  class space    used 8548K, capacity 9062K, committed 9112K, reserved 1048576K
}
Event: 248.857 GC heap before
{Heap before GC invocations=15 (full 3):
 PSYoungGen      total 254464K, used 253747K [0x00000000e0000000, 0x00000000f4800000, 0x0000000100000000)
  eden space 231424K, 100% used [0x00000000e0000000,0x00000000ee200000,0x00000000ee200000)
  from space 23040K, 96% used [0x00000000ee200000,0x00000000ef7ccc18,0x00000000ef880000)
  to   space 26112K, 0% used [0x00000000f2e80000,0x00000000f2e80000,0x00000000f4800000)
 ParOldGen       total 128000K, used 37559K [0x00000000a0000000, 0x00000000a7d00000, 0x00000000e0000000)
  object space 128000K, 29% used [0x00000000a0000000,0x00000000a24add10,0x00000000a7d00000)
 Metaspace       used 68814K, capacity 71826K, committed 71960K, reserved 1112064K
  class space    used 9089K, capacity 9736K, committed 9752K, reserved 1048576K
Event: 248.945 GC heap after
Heap after GC invocations=15 (full 3):
 PSYoungGen      total 301056K, used 26098K [0x00000000e0000000, 0x00000000f4d80000, 0x0000000100000000)
  eden space 274944K, 0% used [0x00000000e0000000,0x00000000e0000000,0x00000000f0c80000)
  from space 26112K, 99% used [0x00000000f2e80000,0x00000000f47fca58,0x00000000f4800000)
  to   space 33280K, 0% used [0x00000000f0c80000,0x00000000f0c80000,0x00000000f2d00000)
 ParOldGen       total 128000K, used 46704K [0x00000000a0000000, 0x00000000a7d00000, 0x00000000e0000000)
  object space 128000K, 36% used [0x00000000a0000000,0x00000000a2d9c220,0x00000000a7d00000)
 Metaspace       used 68814K, capacity 71826K, committed 71960K, reserved 1112064K
  class space    used 9089K, capacity 9736K, committed 9752K, reserved 1048576K
}
Event: 258.184 GC heap before
{Heap before GC invocations=16 (full 3):
 PSYoungGen      total 301056K, used 301042K [0x00000000e0000000, 0x00000000f4d80000, 0x0000000100000000)
  eden space 274944K, 100% used [0x00000000e0000000,0x00000000f0c80000,0x00000000f0c80000)
  from space 26112K, 99% used [0x00000000f2e80000,0x00000000f47fca58,0x00000000f4800000)
  to   space 33280K, 0% used [0x00000000f0c80000,0x00000000f0c80000,0x00000000f2d00000)
 ParOldGen       total 128000K, used 46704K [0x00000000a0000000, 0x00000000a7d00000, 0x00000000e0000000)
  object space 128000K, 36% used [0x00000000a0000000,0x00000000a2d9c220,0x00000000a7d00000)
 Metaspace       used 88602K, capacity 91842K, committed 92056K, reserved 1128448K
  class space    used 11368K, capacity 12118K, committed 12184K, reserved 1048576K
Event: 258.257 GC heap after
Heap after GC invocations=16 (full 3):
 PSYoungGen      total 308224K, used 33275K [0x00000000e0000000, 0x00000000f4d80000, 0x0000000100000000)
  eden space 274944K, 0% used [0x00000000e0000000,0x00000000e0000000,0x00000000f0c80000)
  from space 33280K, 99% used [0x00000000f0c80000,0x00000000f2cfeec8,0x00000000f2d00000)
  to   space 26112K, 0% used [0x00000000f2e80000,0x00000000f2e80000,0x00000000f4800000)
 ParOldGen       total 128000K, used 90478K [0x00000000a0000000, 0x00000000a7d00000, 0x00000000e0000000)
  object space 128000K, 70% used [0x00000000a0000000,0x00000000a585b978,0x00000000a7d00000)
 Metaspace       used 88602K, capacity 91842K, committed 92056K, reserved 1128448K
  class space    used 11368K, capacity 12118K, committed 12184K, reserved 1048576K
}

