# JRE version: OpenJDK Runtime Environment (8.0_202-b03) (build 1.8.0_202-release-1483-b03)
# Java VM: OpenJDK 64-Bit Server VM (25.202-b03 mixed mode windows-amd64 compressed oops)
Heap:
 PSYoungGen      total 311808K, used 221772K [0x00000000e0000000, 0x00000000f9100000, 0x0000000100000000)
  eden space 270336K, 82% used [0x00000000e0000000,0x00000000ed893128,0x00000000f0800000)
  from space 41472K, 0% used [0x00000000f0800000,0x00000000f0800000,0x00000000f3080000)
  to   space 41984K, 0% used [0x00000000f6800000,0x00000000f6800000,0x00000000f9100000)
 ParOldGen       total 156160K, used 53375K [0x00000000a0000000, 0x00000000a9880000, 0x00000000e0000000)
  object space 156160K, 34% used [0x00000000a0000000,0x00000000a341fca0,0x00000000a9880000)
 Metaspace       used 103906K, capacity 107220K, committed 107864K, reserved 1142784K
  class space    used 12907K, capacity 13611K, committed 13696K, reserved 1048576K
GC Heap History (10 events):
Event: 3467.284 GC heap before
{Heap before GC invocations=19 (full 3):
 PSYoungGen      total 241152K, used 241130K [0x00000000e0000000, 0x00000000f2f00000, 0x0000000100000000)
  eden space 224768K, 100% used [0x00000000e0000000,0x00000000edb80000,0x00000000edb80000)
  from space 16384K, 99% used [0x00000000edb80000,0x00000000eeb7a888,0x00000000eeb80000)
  to   space 23040K, 0% used [0x00000000f1880000,0x00000000f1880000,0x00000000f2f00000)
 ParOldGen       total 115200K, used 47208K [0x00000000a0000000, 0x00000000a7080000, 0x00000000e0000000)
  object space 115200K, 40% used [0x00000000a0000000,0x00000000a2e1a2d8,0x00000000a7080000)
 Metaspace       used 71807K, capacity 74836K, committed 75224K, reserved 1114112K
  class space    used 9284K, capacity 9887K, committed 9984K, reserved 1048576K
Event: 3467.360 GC heap after
Heap after GC invocations=19 (full 3):
 PSYoungGen      total 287744K, used 12188K [0x00000000e0000000, 0x00000000f3280000, 0x0000000100000000)
  eden space 264704K, 0% used [0x00000000e0000000,0x00000000e0000000,0x00000000f0280000)
  from space 23040K, 52% used [0x00000000f1880000,0x00000000f2467090,0x00000000f2f00000)
  to   space 22528K, 0% used [0x00000000f0280000,0x00000000f0280000,0x00000000f1880000)
 ParOldGen       total 115200K, used 47844K [0x00000000a0000000, 0x00000000a7080000, 0x00000000e0000000)
  object space 115200K, 41% used [0x00000000a0000000,0x00000000a2eb9340,0x00000000a7080000)
 Metaspace       used 71807K, capacity 74836K, committed 75224K, reserved 1114112K
  class space    used 9284K, capacity 9887K, committed 9984K, reserved 1048576K
}
Event: 3477.274 GC heap before
{Heap before GC invocations=20 (full 3):
 PSYoungGen      total 287744K, used 276892K [0x00000000e0000000, 0x00000000f3280000, 0x0000000100000000)
  eden space 264704K, 100% used [0x00000000e0000000,0x00000000f0280000,0x00000000f0280000)
  from space 23040K, 52% used [0x00000000f1880000,0x00000000f2467090,0x00000000f2f00000)
  to   space 22528K, 0% used [0x00000000f0280000,0x00000000f0280000,0x00000000f1880000)
 ParOldGen       total 115200K, used 47844K [0x00000000a0000000, 0x00000000a7080000, 0x00000000e0000000)
  object space 115200K, 41% used [0x00000000a0000000,0x00000000a2eb9340,0x00000000a7080000)
 Metaspace       used 77740K, capacity 80920K, committed 81112K, reserved 1120256K
  class space    used 9957K, capacity 10656K, committed 10752K, reserved 1048576K
Event: 3477.315 GC heap after
Heap after GC invocations=20 (full 3):
 PSYoungGen      total 287232K, used 22496K [0x00000000e0000000, 0x00000000f5900000, 0x0000000100000000)
  eden space 264704K, 0% used [0x00000000e0000000,0x00000000e0000000,0x00000000f0280000)
  from space 22528K, 99% used [0x00000000f0280000,0x00000000f18783d8,0x00000000f1880000)
  to   space 29184K, 0% used [0x00000000f3c80000,0x00000000f3c80000,0x00000000f5900000)
 ParOldGen       total 115200K, used 57347K [0x00000000a0000000, 0x00000000a7080000, 0x00000000e0000000)
  object space 115200K, 49% used [0x00000000a0000000,0x00000000a3800cd8,0x00000000a7080000)
 Metaspace       used 77740K, capacity 80920K, committed 81112K, reserved 1120256K
  class space    used 9957K, capacity 10656K, committed 10752K, reserved 1048576K
}
Event: 3490.934 GC heap before
{Heap before GC invocations=21 (full 3):
 PSYoungGen      total 287232K, used 287200K [0x00000000e0000000, 0x00000000f5900000, 0x0000000100000000)
  eden space 264704K, 100% used [0x00000000e0000000,0x00000000f0280000,0x00000000f0280000)
  from space 22528K, 99% used [0x00000000f0280000,0x00000000f18783d8,0x00000000f1880000)
  to   space 29184K, 0% used [0x00000000f3c80000,0x00000000f3c80000,0x00000000f5900000)
 ParOldGen       total 115200K, used 57347K [0x00000000a0000000, 0x00000000a7080000, 0x00000000e0000000)
  object space 115200K, 49% used [0x00000000a0000000,0x00000000a3800cd8,0x00000000a7080000)
 Metaspace       used 94337K, capacity 97744K, committed 98008K, reserved 1134592K
  class space    used 11777K, capacity 12535K, committed 12544K, reserved 1048576K
Event: 3490.997 GC heap after
Heap after GC invocations=21 (full 3):
 PSYoungGen      total 283648K, used 29153K [0x00000000e0000000, 0x00000000f5900000, 0x0000000100000000)
  eden space 254464K, 0% used [0x00000000e0000000,0x00000000e0000000,0x00000000ef880000)
  from space 29184K, 99% used [0x00000000f3c80000,0x00000000f58f85e0,0x00000000f5900000)
  to   space 41472K, 0% used [0x00000000f0800000,0x00000000f0800000,0x00000000f3080000)
 ParOldGen       total 115200K, used 79452K [0x00000000a0000000, 0x00000000a7080000, 0x00000000e0000000)
  object space 115200K, 68% used [0x00000000a0000000,0x00000000a4d971a8,0x00000000a7080000)
 Metaspace       used 94337K, capacity 97744K, committed 98008K, reserved 1134592K
  class space    used 11777K, capacity 12535K, committed 12544K, reserved 1048576K
}
Event: 3491.036 GC heap before
{Heap before GC invocations=22 (full 3):
 PSYoungGen      total 283648K, used 32231K [0x00000000e0000000, 0x00000000f5900000, 0x0000000100000000)
  eden space 254464K, 1% used [0x00000000e0000000,0x00000000e0301630,0x00000000ef880000)
  from space 29184K, 99% used [0x00000000f3c80000,0x00000000f58f85e0,0x00000000f5900000)
  to   space 41472K, 0% used [0x00000000f0800000,0x00000000f0800000,0x00000000f3080000)
 ParOldGen       total 115200K, used 79452K [0x00000000a0000000, 0x00000000a7080000, 0x00000000e0000000)
  object space 115200K, 68% used [0x00000000a0000000,0x00000000a4d971a8,0x00000000a7080000)
 Metaspace       used 94844K, capacity 98212K, committed 98496K, reserved 1134592K
  class space    used 11857K, capacity 12607K, committed 12672K, reserved 1048576K
Event: 3491.050 GC heap after
Heap after GC invocations=22 (full 3):
 PSYoungGen      total 311808K, used 508K [0x00000000e0000000, 0x00000000f9100000, 0x0000000100000000)
  eden space 270336K, 0% used [0x00000000e0000000,0x00000000e0000000,0x00000000f0800000)
  from space 41472K, 1% used [0x00000000f0800000,0x00000000f087f0f8,0x00000000f3080000)
  to   space 41984K, 0% used [0x00000000f6800000,0x00000000f6800000,0x00000000f9100000)
 ParOldGen       total 115200K, used 91808K [0x00000000a0000000, 0x00000000a7080000, 0x00000000e0000000)
  object space 115200K, 79% used [0x00000000a0000000,0x00000000a59a8398,0x00000000a7080000)
 Metaspace       used 94844K, capacity 98212K, committed 98496K, reserved 1134592K
  class space    used 11857K, capacity 12607K, committed 12672K, reserved 1048576K
}
Event: 3491.050 GC heap before
{Heap before GC invocations=23 (full 4):
 PSYoungGen      total 311808K, used 508K [0x00000000e0000000, 0x00000000f9100000, 0x0000000100000000)
  eden space 270336K, 0% used [0x00000000e0000000,0x00000000e0000000,0x00000000f0800000)
  from space 41472K, 1% used [0x00000000f0800000,0x00000000f087f0f8,0x00000000f3080000)
  to   space 41984K, 0% used [0x00000000f6800000,0x00000000f6800000,0x00000000f9100000)
 ParOldGen       total 115200K, used 91808K [0x00000000a0000000, 0x00000000a7080000, 0x00000000e0000000)
  object space 115200K, 79% used [0x00000000a0000000,0x00000000a59a8398,0x00000000a7080000)
 Metaspace       used 94844K, capacity 98212K, committed 98496K, reserved 1134592K
  class space    used 11857K, capacity 12607K, committed 12672K, reserved 1048576K
Event: 3491.322 GC heap after
Heap after GC invocations=23 (full 4):
 PSYoungGen      total 311808K, used 0K [0x00000000e0000000, 0x00000000f9100000, 0x0000000100000000)
  eden space 270336K, 0% used [0x00000000e0000000,0x00000000e0000000,0x00000000f0800000)
  from space 41472K, 0% used [0x00000000f0800000,0x00000000f0800000,0x00000000f3080000)
  to   space 41984K, 0% used [0x00000000f6800000,0x00000000f6800000,0x00000000f9100000)
 ParOldGen       total 156160K, used 53375K [0x00000000a0000000, 0x00000000a9880000, 0x00000000e0000000)
  object space 156160K, 34% used [0x00000000a0000000,0x00000000a341fca0,0x00000000a9880000)
 Metaspace       used 93550K, capacity 95952K, committed 98496K, reserved 1134592K
  class space    used 11622K, capacity 12178K, committed 12672K, reserved 1048576K
}

